Running: C:\Xilinx\14.7\ISE_DS\ISE\bin\nt64\unwrapped\fuse.exe -intstyle ise -incremental -o C:/Users/MASHADSERVICE/Desktop/5.3/save/carry_save_multiplier_testbench_isim_beh.exe -prj C:/Users/MASHADSERVICE/Desktop/5.3/save/carry_save_multiplier_testbench_beh.prj work.carry_save_multiplier_testbench 
ISim P.20131013 (signature 0x7708f090)
Number of CPUs detected in this system: 8
Turning on mult-threading, number of parallel sub-compilation jobs: 16 
Determining compilation order of HDL files
Parsing VHDL file "C:/Users/MASHADSERVICE/Desktop/5.3/save/../../5, 6/5, 6/5(1,3)/VHDL Files/xor_gate.vhd" into library work
Parsing VHDL file "C:/Users/MASHADSERVICE/Desktop/5.3/save/../../5, 6/5, 6/5(1,3)/VHDL Files/and_gate.vhd" into library work
Parsing VHDL file "C:/Users/MASHADSERVICE/Desktop/5.3/save/../../5, 6/5, 6/5(1,3)/VHDL Files/or_gate.vhd" into library work
Parsing VHDL file "C:/Users/MASHADSERVICE/Desktop/5.3/save/../../5, 6/5, 6/5(1,3)/VHDL Files/half_adder.vhd" into library work
Parsing VHDL file "C:/Users/MASHADSERVICE/Desktop/5.3/save/../../5, 6/5, 6/5(1,3)/VHDL Files/full_adder.vhd" into library work
Parsing VHDL file "C:/Users/MASHADSERVICE/Desktop/5.3/save/carry_save_multiplier.vhd" into library work
Parsing VHDL file "C:/Users/MASHADSERVICE/Desktop/5.3/save/carry_save_multiplier_testbench.vhd" into library work
Starting static elaboration
Completed static elaboration
Compiling package standard
Compiling package std_logic_1164
Compiling architecture gatelevel of entity xor_gate [xor_gate_default]
Compiling architecture gatelevel of entity and_gate [and_gate_default]
Compiling architecture structure of entity half_adder [half_adder_default]
Compiling architecture gatelevel of entity or_gate [or_gate_default]
Compiling architecture structure of entity full_adder [full_adder_default]
Compiling architecture behavioral of entity carry_save_multiplier [carry_save_multiplier_default]
Compiling architecture behavior of entity carry_save_multiplier_testbench
Time Resolution for simulation is 1ps.
Waiting for 1 sub-compilation(s) to finish...
Compiled 15 VHDL Units
Built simulation executable C:/Users/MASHADSERVICE/Desktop/5.3/save/carry_save_multiplier_testbench_isim_beh.exe
Fuse Memory Usage: 30260 KB
Fuse CPU Usage: 718 ms
